-------------------------------------------------------------------------------
Test set: br.com.fiap.clientes.service.ClienteServiceIntegrationTest$buscarClientePorNome
-------------------------------------------------------------------------------
Tests run: 3, Failures: 2, Errors: 0, Skipped: 0, Time elapsed: 0.020 s <<< FAILURE! -- in br.com.fiap.clientes.service.ClienteServiceIntegrationTest$buscarClientePorNome
br.com.fiap.clientes.service.ClienteServiceIntegrationTest$buscarClientePorNome.deveBuscarClientePorNomeUnico_ComSucesso -- Time elapsed: 0.003 s <<< FAILURE!
java.lang.AssertionError: 

Expected size: 1 but was: 0 in:
[]
	at br.com.fiap.clientes.service.ClienteServiceIntegrationTest$buscarClientePorNome.deveBuscarClientePorNomeUnico_ComSucesso(ClienteServiceIntegrationTest.java:38)
	at java.base/java.lang.reflect.Method.invoke(Method.java:580)
	at java.base/java.util.ArrayList.forEach(ArrayList.java:1596)
	at java.base/java.util.ArrayList.forEach(ArrayList.java:1596)
	at java.base/java.util.ArrayList.forEach(ArrayList.java:1596)

br.com.fiap.clientes.service.ClienteServiceIntegrationTest$buscarClientePorNome.deveBuscarClientePorNomeParcial_ComSucesso -- Time elapsed: 0.004 s <<< FAILURE!
java.lang.AssertionError: 

Expected size: 2 but was: 0 in:
[]
	at br.com.fiap.clientes.service.ClienteServiceIntegrationTest$buscarClientePorNome.deveBuscarClientePorNomeParcial_ComSucesso(ClienteServiceIntegrationTest.java:54)
	at java.base/java.lang.reflect.Method.invoke(Method.java:580)
	at java.base/java.util.ArrayList.forEach(ArrayList.java:1596)
	at java.base/java.util.ArrayList.forEach(ArrayList.java:1596)
	at java.base/java.util.ArrayList.forEach(ArrayList.java:1596)

